2018-11-20 15:23:28.580862-05:00|Osiris|Vampire_-1513034747500049779[1]|1|193|193|161|32|21|0|True|False|False|False|0|False
2018-11-20 15:23:28.697873-05:00|Osiris|Vampire_-1513034747500049779[1]|1|193|161|150|11|11|0|False|False|False|False|0|False
2018-11-20 15:23:28.742844-05:00|Oliver|Vampire_-1513034747500049779[1]|1|193|150|116|34|23|0|True|False|False|False|0|False
2018-11-20 15:23:28.867816-05:00|Oliver|Vampire_-1513034747500049779[1]|1|193|116|77|39|39|0|False|False|False|False|0|False
2018-11-20 15:23:28.881815-05:00|Oliver|Vampire_-1513034747500049779[1]|1|193|77|40|37|37|0|False|False|False|False|0|False
2018-11-20 15:23:29.124918-05:00|Osiris|Vampire_-1513034747500049779[1]|1|193|40|29|11|11|0|False|False|False|False|0|False
2018-11-20 15:23:29.338855-05:00|Oliver|Vampire_-1513034747500049779[1]|1|193|29|0|50|33|21|True|False|False|False|0|True
2018-11-20 15:23:29.553783-05:00|Oliver|Vampire_4177918575079498706[3]|3|228|228|209|19|19|0|False|False|False|False|0|False
2018-11-20 15:23:29.569773-05:00|Oliver|Vampire_4177918575079498706[3]|3|228|209|173|36|36|0|False|False|False|False|0|False
2018-11-20 15:23:29.604767-05:00|Osiris|Vampire_4177918575079498706[3]|3|228|173|143|30|20|0|True|False|False|False|0|False
2018-11-20 15:23:29.810737-05:00|Osiris|Vampire_4177918575079498706[3]|3|228|143|120|23|23|0|False|False|False|False|0|False
2018-11-20 15:23:29.934848-05:00|Sandy|Vampire_4177918575079498706[3]|3|228|120|96|24|24|0|False|False|False|False|0|False
2018-11-20 15:23:30.175835-05:00|Oliver|Vampire_4177918575079498706[3]|3|228|96|78|18|18|0|False|False|False|False|0|False
2018-11-20 15:23:30.274817-05:00|Osiris|Vampire_4177918575079498706[3]|3|228|78|78|0|29|0|False|False|False|True|0|False
2018-11-20 15:23:30.360790-05:00|Sandy|Vampire_4177918575079498706[3]|3|228|78|50|28|28|0|False|False|False|False|0|False
2018-11-20 15:23:30.565761-05:00|Sandy|Vampire_4177918575079498706[3]|3|228|50|22|28|28|0|False|False|False|False|0|False
2018-11-20 15:23:30.610816-05:00|Osiris|Vampire_4177918575079498706[3]|3|228|22|22|0|30|0|True|False|False|True|0|False
2018-11-20 15:23:30.685805-05:00|Osiris|Vampire_4177918575079498706[3]|3|228|22|0|24|16|2|True|False|False|False|0|True
2018-11-20 15:23:30.851751-05:00|Sandy|Troll_-4942876403228587068[2]|2|297|297|284|31|31|0|False|False|True|False|18|False
2018-11-20 15:23:31.065770-05:00|Sandy|Troll_-4942876403228587068[2]|2|297|284|234|50|33|0|True|False|False|False|0|False
2018-11-20 15:23:31.320734-05:00|Osiris|Troll_-4942876403228587068[2]|2|297|234|225|20|20|0|False|False|True|False|11|False
2018-11-20 15:23:31.455682-05:00|Osiris|Troll_-4942876403228587068[2]|2|297|225|195|30|30|0|False|False|False|False|0|False
2018-11-20 15:23:31.648726-05:00|Osiris|Troll_-4942876403228587068[2]|2|297|195|176|19|19|0|False|False|False|False|0|False
2018-11-20 15:23:31.893717-05:00|Osiris|Troll_-4942876403228587068[2]|2|297|176|162|14|14|0|False|False|False|False|0|False
2018-11-20 15:23:32.128757-05:00|Osiris|Troll_-4942876403228587068[2]|2|297|162|141|21|14|0|True|False|False|False|0|False
2018-11-20 15:23:32.345699-05:00|Oliver|Troll_-4942876403228587068[2]|2|297|141|128|13|13|0|False|False|False|False|0|False
2018-11-20 15:23:32.381687-05:00|Oliver|Troll_-4942876403228587068[2]|2|297|128|102|26|17|0|True|False|False|False|0|False
2018-11-20 15:23:32.577662-05:00|Osiris|Troll_-4942876403228587068[2]|2|297|102|102|0|0|0|False|True|False|False|0|False
2018-11-20 15:23:32.622648-05:00|Sandy|Troll_-4942876403228587068[2]|2|297|102|62|40|27|0|True|False|False|False|0|False
2018-11-20 15:23:32.847575-05:00|Osiris|Troll_-4942876403228587068[2]|2|297|62|30|32|21|0|True|False|False|False|0|False
2018-11-20 15:23:33.022672-05:00|Osiris|Troll_-4942876403228587068[2]|2|297|30|30|0|0|0|False|True|False|False|0|False
2018-11-20 15:23:33.085715-05:00|Osiris|Troll_-4942876403228587068[2]|2|297|30|3|27|27|0|False|False|False|False|0|False
2018-11-20 15:23:33.340669-05:00|Osiris|Troll_-4942876403228587068[2]|2|297|3|0|26|26|23|False|False|False|False|0|True
2018-11-20 15:23:33.395649-05:00|Sandy|Troll_4938695501682585188[2]|2|297|297|290|17|17|0|False|False|True|False|10|False
2018-11-20 15:23:33.581597-05:00|Oliver|Troll_4938695501682585188[2]|2|297|290|290|0|0|0|False|True|False|False|0|False
2018-11-20 15:23:33.666616-05:00|Sandy|Troll_4938695501682585188[2]|2|297|290|282|19|19|0|False|False|True|False|11|False
2018-11-20 15:23:33.792579-05:00|Osiris|Troll_4938695501682585188[2]|2|297|282|269|13|13|0|False|False|False|False|0|False
2018-11-20 15:23:33.942622-05:00|Osiris|Troll_4938695501682585188[2]|2|297|269|269|0|0|0|False|True|False|False|0|False
2018-11-20 15:23:34.017587-05:00|Osiris|Troll_4938695501682585188[2]|2|297|269|239|30|20|0|True|False|False|False|0|False
2018-11-20 15:23:34.301554-05:00|Oliver|Troll_4938695501682585188[2]|2|297|239|222|39|39|0|False|False|True|False|22|False
2018-11-20 15:23:34.408523-05:00|Osiris|Troll_4938695501682585188[2]|2|297|222|196|26|26|0|False|False|False|False|0|False
2018-11-20 15:23:34.472537-05:00|Osiris|Troll_4938695501682585188[2]|2|297|196|180|16|16|0|False|False|False|False|0|False
2018-11-20 15:23:34.486532-05:00|Sandy|Troll_4938695501682585188[2]|2|297|180|129|51|34|0|True|False|False|False|0|False
2018-11-20 15:23:34.722444-05:00|Osiris|Troll_4938695501682585188[2]|2|297|129|129|0|0|0|False|True|False|False|0|False
2018-11-20 15:23:34.788423-05:00|Osiris|Troll_4938695501682585188[2]|2|297|129|102|27|27|0|False|False|False|False|0|False
2018-11-20 15:23:34.965366-05:00|Sandy|Troll_4938695501682585188[2]|2|297|102|72|30|30|0|False|False|False|False|0|False
2018-11-20 15:23:35.031347-05:00|Osiris|Troll_4938695501682585188[2]|2|297|72|48|24|24|0|False|False|False|False|0|False
2018-11-20 15:23:35.205345-05:00|Sandy|Troll_4938695501682585188[2]|2|297|48|13|35|35|0|False|False|False|False|0|False
2018-11-20 15:23:35.431312-05:00|Osiris|Troll_4938695501682585188[2]|2|297|13|0|15|15|2|False|False|False|False|0|True
2018-11-20 15:23:35.677225-05:00|Sandy|Orc_-3315220592073515817[5]|5|641|641|621|20|20|0|False|False|False|False|0|False
2018-11-20 15:23:35.693226-05:00|Oliver|Orc_-3315220592073515817[5]|5|641|621|573|48|32|0|True|False|False|False|0|False
2018-11-20 15:23:35.879165-05:00|Oliver|Orc_-3315220592073515817[5]|5|641|573|552|21|21|0|False|False|False|False|0|False
2018-11-20 15:23:36.059207-05:00|Oliver|Orc_-3315220592073515817[5]|5|641|552|513|39|39|0|False|False|False|False|0|False
2018-11-20 15:23:36.304213-05:00|Oliver|Orc_-3315220592073515817[5]|5|641|513|485|28|28|0|False|False|False|False|0|False
2018-11-20 15:23:36.400183-05:00|Sandy|Orc_-3315220592073515817[5]|5|641|485|455|30|30|0|False|False|False|False|0|False
2018-11-20 15:23:36.737123-05:00|Sandy|Orc_-3315220592073515817[5]|5|641|455|436|19|19|0|False|False|False|False|0|False
2018-11-20 15:23:36.873112-05:00|Sandy|Orc_-3315220592073515817[5]|5|641|436|425|25|25|0|False|False|True|False|14|False
2018-11-20 15:23:37.041180-05:00|Sandy|Orc_-3315220592073515817[5]|5|641|425|386|39|26|0|True|False|False|False|0|False
2018-11-20 15:23:37.207130-05:00|Oliver|Orc_-3315220592073515817[5]|5|641|386|386|0|0|0|False|True|False|False|0|False
2018-11-20 15:23:37.332097-05:00|Osiris|Orc_-3315220592073515817[5]|5|641|386|386|0|0|0|False|True|False|False|0|False
2018-11-20 15:23:37.389068-05:00|Oliver|Orc_-3315220592073515817[5]|5|641|386|362|24|24|0|False|False|False|False|0|False
2018-11-20 15:23:37.599015-05:00|Osiris|Orc_-3315220592073515817[5]|5|641|362|328|34|23|0|True|False|False|False|0|False
2018-11-20 15:23:37.834938-05:00|Sandy|Orc_-3315220592073515817[5]|5|641|328|294|34|34|0|False|False|False|False|0|False
2018-11-20 15:23:37.839935-05:00|Oliver|Orc_-3315220592073515817[5]|5|641|294|254|40|27|0|True|False|False|False|0|False
2018-11-20 15:23:37.875925-05:00|Osiris|Orc_-3315220592073515817[5]|5|641|254|243|11|11|0|False|False|False|False|0|False
2018-11-20 15:23:37.911911-05:00|Sandy|Orc_-3315220592073515817[5]|5|641|243|212|31|31|0|False|False|False|False|0|False
2018-11-20 15:23:38.094901-05:00|Sandy|Orc_-3315220592073515817[5]|5|641|212|198|32|32|0|False|False|True|False|18|False
2018-11-20 15:23:38.290825-05:00|Sandy|Orc_-3315220592073515817[5]|5|641|198|164|34|34|0|False|False|False|False|0|False
2018-11-20 15:23:38.436779-05:00|Osiris|Orc_-3315220592073515817[5]|5|641|164|145|19|19|0|False|False|False|False|0|False
2018-11-20 15:23:38.604736-05:00|Osiris|Orc_-3315220592073515817[5]|5|641|145|128|40|27|0|True|False|True|False|23|False
2018-11-20 15:23:38.750692-05:00|Oliver|Orc_-3315220592073515817[5]|5|641|128|112|16|16|0|False|False|False|False|0|False
2018-11-20 15:23:38.875710-05:00|Sandy|Orc_-3315220592073515817[5]|5|641|112|112|0|20|0|False|False|False|True|0|False
2018-11-20 15:23:38.980792-05:00|Oliver|Orc_-3315220592073515817[5]|5|641|112|90|51|34|0|True|False|True|False|29|False
2018-11-20 15:23:39.065810-05:00|Oliver|Orc_-3315220592073515817[5]|5|641|90|82|18|18|0|False|False|True|False|10|False
2018-11-20 15:23:39.311732-05:00|Sandy|Orc_-3315220592073515817[5]|5|641|82|64|18|18|0|False|False|False|False|0|False
2018-11-20 15:23:39.557652-05:00|Oliver|Orc_-3315220592073515817[5]|5|641|64|51|30|30|0|False|False|True|False|17|False
2018-11-20 15:23:39.633627-05:00|Osiris|Orc_-3315220592073515817[5]|5|641|51|51|0|15|0|False|False|False|True|0|False
2018-11-20 15:23:39.728635-05:00|Sandy|Orc_-3315220592073515817[5]|5|641|51|42|22|22|0|False|False|True|False|13|False
2018-11-20 15:23:39.786612-05:00|Osiris|Orc_-3315220592073515817[5]|5|641|42|35|17|17|0|False|False|True|False|10|False
2018-11-20 15:23:39.852591-05:00|Sandy|Orc_-3315220592073515817[5]|5|641|35|19|16|16|0|False|False|False|False|0|False
2018-11-20 15:23:39.998538-05:00|Sandy|Orc_-3315220592073515817[5]|5|641|19|0|48|32|29|True|False|False|False|0|True
2018-11-20 15:23:40.201502-05:00|Oliver|Vampire_5475716078199900561[1]|1|193|193|163|30|30|0|False|False|False|False|0|False
2018-11-20 15:23:40.254500-05:00|Osiris|Vampire_5475716078199900561[1]|1|193|163|163|0|14|0|False|False|False|True|0|False
2018-11-20 15:23:40.272478-05:00|Sandy|Vampire_5475716078199900561[1]|1|193|163|141|22|22|0|False|False|False|False|0|False
2018-11-20 15:23:40.508430-05:00|Sandy|Vampire_5475716078199900561[1]|1|193|141|115|26|17|0|True|False|False|False|0|False
2018-11-20 15:23:40.782345-05:00|Osiris|Vampire_5475716078199900561[1]|1|193|115|85|30|30|0|False|False|False|False|0|False
2018-11-20 15:23:41.057266-05:00|Osiris|Vampire_5475716078199900561[1]|1|193|85|61|24|16|0|True|False|False|False|0|False
2018-11-20 15:23:41.156341-05:00|Oliver|Vampire_5475716078199900561[1]|1|193|61|46|15|15|0|False|False|False|False|0|False
2018-11-20 15:23:41.335280-05:00|Oliver|Vampire_5475716078199900561[1]|1|193|46|31|15|15|0|False|False|False|False|0|False
2018-11-20 15:23:41.581245-05:00|Osiris|Vampire_5475716078199900561[1]|1|193|31|19|12|12|0|False|False|False|False|0|False
2018-11-20 15:23:41.726246-05:00|Sandy|Vampire_5475716078199900561[1]|1|193|19|1|18|18|0|False|False|False|False|0|False
2018-11-20 15:23:41.812218-05:00|Sandy|Vampire_5475716078199900561[1]|1|193|1|0|22|22|21|False|False|False|False|0|True
2018-11-20 15:23:41.833248-05:00|Oliver|Troll_-1461103054453482979[2]|2|297|297|279|18|12|0|True|False|False|False|0|False
2018-11-20 15:23:41.948264-05:00|Osiris|Troll_-1461103054453482979[2]|2|297|279|266|30|30|0|False|False|True|False|17|False
2018-11-20 15:23:42.024228-05:00|Sandy|Troll_-1461103054453482979[2]|2|297|266|240|26|26|0|False|False|False|False|0|False
2018-11-20 15:23:42.111259-05:00|Oliver|Troll_-1461103054453482979[2]|2|297|240|202|38|25|0|True|False|False|False|0|False
2018-11-20 15:23:42.217225-05:00|Oliver|Troll_-1461103054453482979[2]|2|297|202|174|28|28|0|False|False|False|False|0|False
2018-11-20 15:23:42.403156-05:00|Oliver|Troll_-1461103054453482979[2]|2|297|174|150|24|16|0|True|False|False|False|0|False
2018-11-20 15:23:42.478157-05:00|Oliver|Troll_-1461103054453482979[2]|2|297|150|111|39|26|0|True|False|False|False|0|False
2018-11-20 15:23:42.693187-05:00|Oliver|Troll_-1461103054453482979[2]|2|297|111|92|19|19|0|False|False|False|False|0|False
2018-11-20 15:23:42.719193-05:00|Sandy|Troll_-1461103054453482979[2]|2|297|92|80|27|18|0|True|False|True|False|15|False
2018-11-20 15:23:42.964202-05:00|Osiris|Troll_-1461103054453482979[2]|2|297|80|60|20|20|0|False|False|False|False|0|False
2018-11-20 15:23:43.159228-05:00|Sandy|Troll_-1461103054453482979[2]|2|297|60|29|31|31|0|False|False|False|False|0|False
2018-11-20 15:23:43.225204-05:00|Oliver|Troll_-1461103054453482979[2]|2|297|29|16|31|31|0|False|False|True|False|18|False
2018-11-20 15:23:43.331170-05:00|Sandy|Troll_-1461103054453482979[2]|2|297|16|0|33|33|17|False|False|False|False|0|True
2018-11-20 15:23:43.393150-05:00|Osiris|Orc_8701447069621823200[2]|2|513|513|491|22|22|0|False|False|False|False|0|False
2018-11-20 15:23:43.639103-05:00|Sandy|Orc_8701447069621823200[2]|2|513|491|476|15|15|0|False|False|False|False|0|False
2018-11-20 15:23:43.765062-05:00|Osiris|Orc_8701447069621823200[2]|2|513|476|449|27|27|0|False|False|False|False|0|False
2018-11-20 15:23:43.870069-05:00|Sandy|Orc_8701447069621823200[2]|2|513|449|420|29|29|0|False|False|False|False|0|False
2018-11-20 15:23:44.051012-05:00|Osiris|Orc_8701447069621823200[2]|2|513|420|402|18|18|0|False|False|False|False|0|False
2018-11-20 15:23:44.236954-05:00|Sandy|Orc_8701447069621823200[2]|2|513|402|387|34|34|0|False|False|True|False|19|False
2018-11-20 15:23:44.342935-05:00|Osiris|Orc_8701447069621823200[2]|2|513|387|366|21|21|0|False|False|False|False|0|False
2018-11-20 15:23:44.458923-05:00|Sandy|Orc_8701447069621823200[2]|2|513|366|341|25|25|0|False|False|False|False|0|False
2018-11-20 15:23:44.624050-05:00|Osiris|Orc_8701447069621823200[2]|2|513|341|331|23|23|0|False|False|True|False|13|False
2018-11-20 15:23:44.815064-05:00|Sandy|Orc_8701447069621823200[2]|2|513|331|323|18|18|0|False|False|True|False|10|False
2018-11-20 15:23:44.941108-05:00|Oliver|Orc_8701447069621823200[2]|2|513|323|296|27|18|0|True|False|False|False|0|False
2018-11-20 15:23:45.106099-05:00|Sandy|Orc_8701447069621823200[2]|2|513|296|267|29|29|0|False|False|False|False|0|False
2018-11-20 15:23:45.255051-05:00|Sandy|Orc_8701447069621823200[2]|2|513|267|245|22|22|0|False|False|False|False|0|False
2018-11-20 15:23:45.421034-05:00|Sandy|Orc_8701447069621823200[2]|2|513|245|224|21|21|0|False|False|False|False|0|False
2018-11-20 15:23:45.570996-05:00|Sandy|Orc_8701447069621823200[2]|2|513|224|211|13|13|0|False|False|False|False|0|False
2018-11-20 15:23:45.756935-05:00|Osiris|Orc_8701447069621823200[2]|2|513|211|195|16|11|0|True|False|False|False|0|False
2018-11-20 15:23:45.931944-05:00|Oliver|Orc_8701447069621823200[2]|2|513|195|174|21|21|0|False|False|False|False|0|False
2018-11-20 15:23:46.022961-05:00|Osiris|Orc_8701447069621823200[2]|2|513|174|140|34|23|0|True|False|False|False|0|False
2018-11-20 15:23:46.189904-05:00|Sandy|Orc_8701447069621823200[2]|2|513|140|140|0|17|0|False|False|False|True|0|False
2018-11-20 15:23:46.425827-05:00|Oliver|Orc_8701447069621823200[2]|2|513|140|114|26|17|0|True|False|False|False|0|False
2018-11-20 15:23:46.603827-05:00|Sandy|Orc_8701447069621823200[2]|2|513|114|103|26|26|0|False|False|True|False|15|False
2018-11-20 15:23:46.829796-05:00|Oliver|Orc_8701447069621823200[2]|2|513|103|85|42|28|0|True|False|True|False|24|False
2018-11-20 15:23:47.064918-05:00|Osiris|Orc_8701447069621823200[2]|2|513|85|76|20|20|0|False|False|True|False|11|False
2018-11-20 15:23:47.219956-05:00|Osiris|Orc_8701447069621823200[2]|2|513|76|49|27|27|0|False|False|False|False|0|False
2018-11-20 15:23:47.428896-05:00|Osiris|Orc_8701447069621823200[2]|2|513|49|22|27|27|0|False|False|False|False|0|False
2018-11-20 15:23:47.554863-05:00|Osiris|Orc_8701447069621823200[2]|2|513|22|6|16|16|0|False|False|False|False|0|False
2018-11-20 15:23:47.670822-05:00|Sandy|Orc_8701447069621823200[2]|2|513|6|0|21|14|15|True|False|False|False|0|True
2018-11-20 15:23:47.746798-05:00|Oliver|Troll_-198164378530084120[1]|1|272|272|241|31|31|0|False|False|False|False|0|False
2018-11-20 15:23:47.824825-05:00|Sandy|Troll_-198164378530084120[1]|1|272|241|232|21|14|0|True|False|True|False|12|False
2018-11-20 15:23:48.030744-05:00|Oliver|Troll_-198164378530084120[1]|1|272|232|209|23|23|0|False|False|False|False|0|False
2018-11-20 15:23:48.259685-05:00|Oliver|Troll_-198164378530084120[1]|1|272|209|185|24|24|0|False|False|False|False|0|False
2018-11-20 15:23:48.342655-05:00|Osiris|Troll_-198164378530084120[1]|1|272|185|165|20|20|0|False|False|False|False|0|False
2018-11-20 15:23:48.478602-05:00|Oliver|Troll_-198164378530084120[1]|1|272|165|158|16|16|0|False|False|True|False|9|False
2018-11-20 15:23:48.709703-05:00|Oliver|Troll_-198164378530084120[1]|1|272|158|128|30|20|0|True|False|False|False|0|False
2018-11-20 15:23:48.845708-05:00|Sandy|Troll_-198164378530084120[1]|1|272|128|122|15|15|0|False|False|True|False|9|False
2018-11-20 15:23:48.861698-05:00|Sandy|Troll_-198164378530084120[1]|1|272|122|80|42|28|0|True|False|False|False|0|False
2018-11-20 15:23:49.038688-05:00|Osiris|Troll_-198164378530084120[1]|1|272|80|67|30|20|0|True|False|True|False|17|False
2018-11-20 15:23:49.267618-05:00|Oliver|Troll_-198164378530084120[1]|1|272|67|50|17|17|0|False|False|False|False|0|False
2018-11-20 15:23:49.385579-05:00|Osiris|Troll_-198164378530084120[1]|1|272|50|22|28|28|0|False|False|False|False|0|False
2018-11-20 15:23:49.411570-05:00|Sandy|Troll_-198164378530084120[1]|1|272|22|0|27|18|5|True|False|False|False|0|True
2018-11-20 15:23:49.527534-05:00|Oliver|Troll_1132240097269247027[3]|3|322|322|322|0|0|0|False|True|False|False|0|False
2018-11-20 15:23:49.734459-05:00|Sandy|Troll_1132240097269247027[3]|3|322|322|312|24|24|0|False|False|True|False|14|False
2018-11-20 15:23:49.781448-05:00|Osiris|Troll_1132240097269247027[3]|3|322|312|286|26|26|0|False|False|False|False|0|False
2018-11-20 15:23:49.893415-05:00|Sandy|Troll_1132240097269247027[3]|3|322|286|278|18|18|0|False|False|True|False|10|False
2018-11-20 15:23:50.110329-05:00|Oliver|Troll_1132240097269247027[3]|3|322|278|260|18|12|0|True|False|False|False|0|False
2018-11-20 15:23:50.227317-05:00|Osiris|Troll_1132240097269247027[3]|3|322|260|244|16|16|0|False|False|False|False|0|False
2018-11-20 15:23:50.483267-05:00|Oliver|Troll_1132240097269247027[3]|3|322|244|193|51|34|0|True|False|False|False|0|False
2018-11-20 15:23:50.629253-05:00|Oliver|Troll_1132240097269247027[3]|3|322|193|173|20|13|0|True|False|False|False|0|False
2018-11-20 15:23:50.845183-05:00|Sandy|Troll_1132240097269247027[3]|3|322|173|156|17|17|0|False|False|False|False|0|False
2018-11-20 15:23:51.006120-05:00|Osiris|Troll_1132240097269247027[3]|3|322|156|143|13|13|0|False|False|False|False|0|False
2018-11-20 15:23:51.202066-05:00|Osiris|Troll_1132240097269247027[3]|3|322|143|143|0|0|0|False|True|False|False|0|False
2018-11-20 15:23:51.338012-05:00|Oliver|Troll_1132240097269247027[3]|3|322|143|143|0|0|0|False|True|False|False|0|False
2018-11-20 15:23:51.448976-05:00|Osiris|Troll_1132240097269247027[3]|3|322|143|128|15|15|0|False|False|False|False|0|False
2018-11-20 15:23:51.614932-05:00|Sandy|Troll_1132240097269247027[3]|3|322|128|113|35|35|0|False|False|True|False|20|False
2018-11-20 15:23:51.738923-05:00|Osiris|Troll_1132240097269247027[3]|3|322|113|96|17|17|0|False|False|False|False|0|False
2018-11-20 15:23:51.753922-05:00|Sandy|Troll_1132240097269247027[3]|3|322|96|90|14|14|0|False|False|True|False|8|False
2018-11-20 15:23:51.888914-05:00|Oliver|Troll_1132240097269247027[3]|3|322|90|74|38|38|0|False|False|True|False|22|False
2018-11-20 15:23:51.998918-05:00|Sandy|Troll_1132240097269247027[3]|3|322|74|62|28|28|0|False|False|True|False|16|False
2018-11-20 15:23:52.214845-05:00|Osiris|Troll_1132240097269247027[3]|3|322|62|33|29|29|0|False|False|False|False|0|False
2018-11-20 15:23:52.391791-05:00|Osiris|Troll_1132240097269247027[3]|3|322|33|13|20|20|0|False|False|False|False|0|False
2018-11-20 15:23:52.456810-05:00|Osiris|Troll_1132240097269247027[3]|3|322|13|6|16|16|0|False|False|True|False|9|False
2018-11-20 15:23:52.632757-05:00|Sandy|Troll_1132240097269247027[3]|3|322|6|0|12|12|6|False|False|False|False|0|True
